<?xml version="1.0" encoding="UTF-8"?>
<testng-results ignored="0" total="1" passed="1" failed="0" skipped="0">
  <reporter-output>
  </reporter-output>
  <suite started-at="2021-01-20T19:32:40 IST" name="Default suite" finished-at="2021-01-20T19:33:04 IST" duration-ms="24799">
    <groups>
    </groups>
    <test started-at="2021-01-20T19:32:40 IST" name="Default test" finished-at="2021-01-20T19:33:04 IST" duration-ms="24799">
      <class name="SelniumPractice.WebAutomation.mainTestClass">
        <test-method is-config="true" signature="readytheBrowser()[pri:0, instance:SelniumPractice.WebAutomation.mainTestClass@57cf54e1]" started-at="2021-01-20T19:32:40 IST" name="readytheBrowser" finished-at="2021-01-20T19:32:46 IST" duration-ms="6276" status="PASS">
          <reporter-output>
          </reporter-output>
        </test-method> <!-- readytheBrowser -->
        <test-method signature="firstTest()[pri:0, instance:SelniumPractice.WebAutomation.mainTestClass@57cf54e1]" started-at="2021-01-20T19:32:46 IST" name="firstTest" finished-at="2021-01-20T19:33:04 IST" duration-ms="18471" status="PASS">
          <reporter-output>
          </reporter-output>
        </test-method> <!-- firstTest -->
      </class> <!-- SelniumPractice.WebAutomation.mainTestClass -->
    </test> <!-- Default test -->
  </suite> <!-- Default suite -->
</testng-results>
